#
# There is insufficient memory for the Java Runtime Environment to continue.
# Native memory allocation (mmap) failed to map 264241152 bytes for G1 virtual space
# Possible reasons:
#   The system is out of physical RAM or swap space
#   The process is running with CompressedOops enabled, and the Java Heap may be blocking the growth of the native heap
# Possible solutions:
#   Reduce memory load on the system
#   Increase physical memory or swap space
#   Check if swap backing store is full
#   Decrease Java heap size (-Xmx/-Xms)
#   Decrease number of Java threads
#   Decrease Java thread stack sizes (-Xss)
#   Set larger code cache with -XX:ReservedCodeCacheSize=
#   JVM is running with Zero Based Compressed Oops mode in which the Java heap is
#     placed in the first 32GB address space. The Java Heap base address is the
#     maximum limit for the native heap growth. Please use -XX:HeapBaseMinAddress
#     to set the Java Heap base and to place the Java Heap above 32GB virtual address.
# This output file may be truncated or incomplete.
#
#  Out of Memory Error (os_windows.cpp:3541), pid=36044, tid=39340
#
# JRE version:  (17.0.4.1+1) (build )
# Java VM: OpenJDK 64-Bit Server VM (17.0.4.1+1, mixed mode, sharing, tiered, compressed oops, compressed class ptrs, g1 gc, windows-amd64)
# No core dump will be written. Minidumps are not enabled by default on client versions of Windows
#

---------------  S U M M A R Y ------------

Command Line: -Dfile.encoding=UTF-8 -Dstdout.encoding=UTF-8 -Dstderr.encoding=UTF-8 -XX:+ShowCodeDetailsInExceptionMessages Balance

Host: 12th Gen Intel(R) Core(TM) i5-1235U, 12 cores, 15G,  Windows 11 , 64 bit Build 22621 (10.0.22621.3235)
Time: Sun Apr 21 16:59:07 2024 India Standard Time elapsed time: 0.013272 seconds (0d 0h 0m 0s)

---------------  T H R E A D  ---------------

Current thread (0x000001f7637a5e50):  JavaThread "Unknown thread" [_thread_in_vm, id=39340, stack(0x000000a9c6100000,0x000000a9c6200000)]

Stack: [0x000000a9c6100000,0x000000a9c6200000]
Native frames: (J=compiled Java code, j=interpreted, Vv=VM code, C=native code)
V  [jvm.dll+0x67731a]
V  [jvm.dll+0x832284]
V  [jvm.dll+0x833a2e]
V  [jvm.dll+0x834093]
V  [jvm.dll+0x245775]
V  [jvm.dll+0x674209]
V  [jvm.dll+0x668a92]
V  [jvm.dll+0x30471b]
V  [jvm.dll+0x30bc66]
V  [jvm.dll+0x35ba9e]
V  [jvm.dll+0x35bccf]
V  [jvm.dll+0x2db5b8]
V  [jvm.dll+0x2dc524]
V  [jvm.dll+0x803db1]
V  [jvm.dll+0x3698f1]
V  [jvm.dll+0x7e31bc]
V  [jvm.dll+0x3ec25f]
V  [jvm.dll+0x3edde1]
C  [jli.dll+0x5277]
C  [ucrtbase.dll+0x29363]
C  [KERNEL32.DLL+0x1257d]
C  [ntdll.dll+0x5aa58]


---------------  P R O C E S S  ---------------

Threads class SMR info:
_java_thread_list=0x00007ffc940c4e98, length=0, elements={
}

Java Threads: ( => current thread )

Other Threads:
  0x000001f76380ed00 GCTaskThread "GC Thread#0" [stack: 0x000000a9c6200000,0x000000a9c6300000] [id=36428]
  0x000001f763820720 ConcurrentGCThread "G1 Main Marker" [stack: 0x000000a9c6300000,0x000000a9c6400000] [id=36164]
  0x000001f7638218d0 ConcurrentGCThread "G1 Conc#0" [stack: 0x000000a9c6400000,0x000000a9c6500000] [id=5316]

[error occurred during error reporting (printing all threads), id 0xc0000005, EXCEPTION_ACCESS_VIOLATION (0xc0000005) at pc=0x00007ffc9389c047]

VM state: not at safepoint (not fully initialized)

VM Mutex/Monitor currently owned by a thread:  ([mutex/lock_event])
[0x000001f7637a46d0] Heap_lock - owner thread: 0x000001f7637a5e50

Heap address: 0x0000000705200000, size: 4014 MB, Compressed Oops mode: Zero based, Oop shift amount: 3

CDS archive(s) mapped at: [0x0000000000000000-0x0000000000000000-0x0000000000000000), size 0, SharedBaseAddress: 0x0000000800000000, ArchiveRelocationMode: 0.
Narrow klass base: 0x0000000000000000, Narrow klass shift: 0, Narrow klass range: 0x0

GC Precious Log:
<Empty>

Heap:
 garbage-first heap   total 0K, used 0K [0x0000000705200000, 0x0000000800000000)
  region size 2048K, 0 young (0K), 0 survivors (0K)

[error occurred during error reporting (printing heap information), id 0xc0000005, EXCEPTION_ACCESS_VIOLATION (0xc0000005) at pc=0x00007ffc93c80699]

GC Heap History (0 events):
No events

Deoptimization events (0 events):
No events

Classes unloaded (0 events):
No events

Classes redefined (0 events):
No events

Internal exceptions (0 events):
No events

VM Operations (0 events):
No events

Events (1 events):
Event: 0.009 Loaded shared library C:\Users\Swarali Bachhav\.p2\pool\plugins\org.eclipse.justj.openjdk.hotspot.jre.full.win32.x86_64_17.0.4.v20221004-1257\jre\bin\java.dll


Dynamic libraries:
0x00007ff72f660000 - 0x00007ff72f66e000 	C:\Users\Swarali Bachhav\.p2\pool\plugins\org.eclipse.justj.openjdk.hotspot.jre.full.win32.x86_64_17.0.4.v20221004-1257\jre\bin\javaw.exe
0x00007ffd38710000 - 0x00007ffd38926000 	C:\WINDOWS\SYSTEM32\ntdll.dll
0x00007ffd37130000 - 0x00007ffd371f4000 	C:\WINDOWS\System32\KERNEL32.DLL
0x00007ffd35a50000 - 0x00007ffd35df6000 	C:\WINDOWS\System32\KERNELBASE.dll
0x00007ffd36230000 - 0x00007ffd36341000 	C:\WINDOWS\System32\ucrtbase.dll
0x00007ffd00610000 - 0x00007ffd00628000 	C:\Users\Swarali Bachhav\.p2\pool\plugins\org.eclipse.justj.openjdk.hotspot.jre.full.win32.x86_64_17.0.4.v20221004-1257\jre\bin\jli.dll
0x00007ffd37280000 - 0x00007ffd3742d000 	C:\WINDOWS\System32\USER32.dll
0x00007ffd005f0000 - 0x00007ffd00609000 	C:\Users\Swarali Bachhav\.p2\pool\plugins\org.eclipse.justj.openjdk.hotspot.jre.full.win32.x86_64_17.0.4.v20221004-1257\jre\bin\VCRUNTIME140.dll
0x00007ffd36200000 - 0x00007ffd36226000 	C:\WINDOWS\System32\win32u.dll
0x00007ffd105d0000 - 0x00007ffd10863000 	C:\WINDOWS\WinSxS\amd64_microsoft.windows.common-controls_6595b64144ccf1df_6.0.22621.3235_none_270f74e173860f98\COMCTL32.dll
0x00007ffd364c0000 - 0x00007ffd364e9000 	C:\WINDOWS\System32\GDI32.dll
0x00007ffd381a0000 - 0x00007ffd38247000 	C:\WINDOWS\System32\msvcrt.dll
0x00007ffd35e30000 - 0x00007ffd35f48000 	C:\WINDOWS\System32\gdi32full.dll
0x00007ffd363c0000 - 0x00007ffd3645a000 	C:\WINDOWS\System32\msvcp_win.dll
0x00007ffd369c0000 - 0x00007ffd369f1000 	C:\WINDOWS\System32\IMM32.DLL
0x00007ffd005e0000 - 0x00007ffd005ec000 	C:\Users\Swarali Bachhav\.p2\pool\plugins\org.eclipse.justj.openjdk.hotspot.jre.full.win32.x86_64_17.0.4.v20221004-1257\jre\bin\vcruntime140_1.dll
0x00007ffd00540000 - 0x00007ffd005d1000 	C:\Users\Swarali Bachhav\.p2\pool\plugins\org.eclipse.justj.openjdk.hotspot.jre.full.win32.x86_64_17.0.4.v20221004-1257\jre\bin\msvcp140.dll
0x00007ffc935b0000 - 0x00007ffc941f6000 	C:\Users\Swarali Bachhav\.p2\pool\plugins\org.eclipse.justj.openjdk.hotspot.jre.full.win32.x86_64_17.0.4.v20221004-1257\jre\bin\server\jvm.dll
0x00007ffd36a00000 - 0x00007ffd36ab2000 	C:\WINDOWS\System32\ADVAPI32.dll
0x00007ffd38050000 - 0x00007ffd380f8000 	C:\WINDOWS\System32\sechost.dll
0x00007ffd35e00000 - 0x00007ffd35e28000 	C:\WINDOWS\System32\bcrypt.dll
0x00007ffd37010000 - 0x00007ffd37125000 	C:\WINDOWS\System32\RPCRT4.dll
0x00007ffd36910000 - 0x00007ffd36918000 	C:\WINDOWS\System32\PSAPI.DLL
0x00007ffd2e5e0000 - 0x00007ffd2e5e9000 	C:\WINDOWS\SYSTEM32\WSOCK32.dll
0x00007ffd37200000 - 0x00007ffd37271000 	C:\WINDOWS\System32\WS2_32.dll
0x00007ffd29710000 - 0x00007ffd29744000 	C:\WINDOWS\SYSTEM32\WINMM.dll
0x00007ffd2e570000 - 0x00007ffd2e57a000 	C:\WINDOWS\SYSTEM32\VERSION.dll
0x00007ffd34a60000 - 0x00007ffd34a78000 	C:\WINDOWS\SYSTEM32\kernel.appcore.dll
0x00007ffd00530000 - 0x00007ffd0053a000 	C:\Users\Swarali Bachhav\.p2\pool\plugins\org.eclipse.justj.openjdk.hotspot.jre.full.win32.x86_64_17.0.4.v20221004-1257\jre\bin\jimage.dll
0x00007ffd333e0000 - 0x00007ffd33613000 	C:\WINDOWS\SYSTEM32\DBGHELP.DLL
0x00007ffd36500000 - 0x00007ffd36888000 	C:\WINDOWS\System32\combase.dll
0x00007ffd36b70000 - 0x00007ffd36c47000 	C:\WINDOWS\System32\OLEAUT32.dll
0x00007ffd305e0000 - 0x00007ffd30612000 	C:\WINDOWS\SYSTEM32\dbgcore.DLL
0x00007ffd35f50000 - 0x00007ffd35fca000 	C:\WINDOWS\System32\bcryptPrimitives.dll
0x00007ffd00500000 - 0x00007ffd00525000 	C:\Users\Swarali Bachhav\.p2\pool\plugins\org.eclipse.justj.openjdk.hotspot.jre.full.win32.x86_64_17.0.4.v20221004-1257\jre\bin\java.dll

dbghelp: loaded successfully - version: 4.0.5 - missing functions: none
symbol engine: initialized successfully - sym options: 0x614 - pdb path: .;C:\Users\Swarali Bachhav\.p2\pool\plugins\org.eclipse.justj.openjdk.hotspot.jre.full.win32.x86_64_17.0.4.v20221004-1257\jre\bin;C:\WINDOWS\SYSTEM32;C:\WINDOWS\WinSxS\amd64_microsoft.windows.common-controls_6595b64144ccf1df_6.0.22621.3235_none_270f74e173860f98;C:\Users\Swarali Bachhav\.p2\pool\plugins\org.eclipse.justj.openjdk.hotspot.jre.full.win32.x86_64_17.0.4.v20221004-1257\jre\bin\server

VM Arguments:
jvm_args: -Dfile.encoding=UTF-8 -Dstdout.encoding=UTF-8 -Dstderr.encoding=UTF-8 -XX:+ShowCodeDetailsInExceptionMessages 
java_command: Balance
java_class_path (initial): C:\Users\Swarali Bachhav\OneDrive\Desktop\selenium workspace\Bank Management\bin;C:\Users\Swarali Bachhav\Downloads\jcalendar-tz-1.3.3-4 (1).jar;C:\Users\Swarali Bachhav\Downloads\mysql-connector-java-8.0.28 (2).jar
Launcher Type: SUN_STANDARD

[Global flags]
     intx CICompilerCount                          = 4                                         {product} {ergonomic}
     uint ConcGCThreads                            = 3                                         {product} {ergonomic}
     uint G1ConcRefinementThreads                  = 10                                        {product} {ergonomic}
   size_t G1HeapRegionSize                         = 2097152                                   {product} {ergonomic}
    uintx GCDrainStackTargetSize                   = 64                                        {product} {ergonomic}
   size_t InitialHeapSize                          = 264241152                                 {product} {ergonomic}
   size_t MarkStackSize                            = 4194304                                   {product} {ergonomic}
   size_t MaxHeapSize                              = 4208984064                                {product} {ergonomic}
   size_t MinHeapDeltaBytes                        = 2097152                                   {product} {ergonomic}
   size_t MinHeapSize                              = 8388608                                   {product} {ergonomic}
    uintx NonNMethodCodeHeapSize                   = 5839372                                {pd product} {ergonomic}
    uintx NonProfiledCodeHeapSize                  = 122909434                              {pd product} {ergonomic}
    uintx ProfiledCodeHeapSize                     = 122909434                              {pd product} {ergonomic}
    uintx ReservedCodeCacheSize                    = 251658240                              {pd product} {ergonomic}
     bool SegmentedCodeCache                       = true                                      {product} {ergonomic}
     bool ShowCodeDetailsInExceptionMessages       = true                                   {manageable} {command line}
   size_t SoftMaxHeapSize                          = 4208984064                             {manageable} {ergonomic}
     bool UseCompressedClassPointers               = true                           {product lp64_product} {ergonomic}
     bool UseCompressedOops                        = true                           {product lp64_product} {ergonomic}
     bool UseG1GC                                  = true                                      {product} {ergonomic}
     bool UseLargePagesIndividualAllocation        = false                                  {pd product} {ergonomic}

Logging:
Log output configuration:
 #0: stdout all=warning uptime,level,tags
 #1: stderr all=off uptime,level,tags

Environment Variables:
PATH=C:/Users/Swarali Bachhav/.p2/pool/plugins/org.eclipse.justj.openjdk.hotspot.jre.full.win32.x86_64_22.0.0.v20240322-1225/jre/bin/server;C:/Users/Swarali Bachhav/.p2/pool/plugins/org.eclipse.justj.openjdk.hotspot.jre.full.win32.x86_64_22.0.0.v20240322-1225/jre/bin;C:\WINDOWS\system32;C:\WINDOWS;C:\WINDOWS\System32\Wbem;C:\WINDOWS\System32\WindowsPowerShell\v1.0\;C:\WINDOWS\System32\OpenSSH\;C:\Program Files\RedHat\java-1.8.0-openjdk-1.8.0.345-1\bin;C:\Program Files\RedHat\java-1.8.0-openjdk-1.8.0.345-1\jre\bin;C:\Program Files\MongoDB\mongosh-1.10.5-win32-x64\bin;C:\Program Files\MongoDB\Server\mongosh-2.0.1-win32-x64\bin;C:\Program Files\nodejs\;C:\Program Files\MongoDB\Server\7.0\bin;C:\Users\Swarali Bachhav\AppData\Local\Programs\Python\Python311\Scripts\;C:\Users\Swarali Bachhav\AppData\Local\Programs\Python\Python311\;C:\Program Files\MySQL\MySQL Shell 8.0\bin\;C:\Users\Swarali Bachhav\AppData\Local\Microsoft\WindowsApps;C:\Users\Swarali Bachhav\AppData\Local\Programs\Microsoft VS Code\bin;C:\Program Files\MySQL\MySQL Server 8.0\bin;C:\Users\Swarali Bachhav\AppData\Roaming\npm;C:\Program Files\MongoDB\Server\mongosh-2.0.1-win32-x64\bin;C:\Program Files\MongoDB\Server\7.0\bin;;C:\WINDOWS\System32;
USERNAME=Swarali Bachhav
OS=Windows_NT
PROCESSOR_IDENTIFIER=Intel64 Family 6 Model 154 Stepping 4, GenuineIntel
TMP=C:\Users\SWARAL~1\AppData\Local\Temp
TEMP=C:\Users\SWARAL~1\AppData\Local\Temp



---------------  S Y S T E M  ---------------

OS:
 Windows 11 , 64 bit Build 22621 (10.0.22621.3235)
OS uptime: 8 days 21:49 hours
Hyper-V role detected

CPU: total 12 (initial active 12) (6 cores per cpu, 2 threads per core) family 6 model 154 stepping 4 microcode 0x42c, cx8, cmov, fxsr, ht, mmx, 3dnowpref, sse, sse2, sse3, ssse3, sse4.1, sse4.2, popcnt, lzcnt, tsc, tscinvbit, avx, avx2, aes, erms, clmul, bmi1, bmi2, adx, sha, fma, vzeroupper, clflush, clflushopt, clwb, hv

Memory: 4k page, system-wide physical 16052M (4136M free)
TotalPageFile size 46521M (AvailPageFile size 121M)
current process WorkingSet (physical memory assigned to process): 11M, peak: 11M
current process commit charge ("private bytes"): 64M, peak: 316M

vm_info: OpenJDK 64-Bit Server VM (17.0.4.1+1) for windows-amd64 JRE (17.0.4.1+1), built on Aug 17 2022 07:42:43 by "temurin" with MS VC++ 16.7 (VS2019)

END.
